0 info it worked if it ends with ok
1 verbose cli [ '/usr/bin/node', '/usr/bin/npm', 'stop' ]
2 info using npm@1.4.28
3 info using node@v0.10.37
4 verbose node symlink /usr/bin/node
5 verbose run-script [ 'prestop', 'stop', 'poststop' ]
6 info prestop quiz@0.1.0
7 info stop quiz@0.1.0
8 verbose unsafe-perm in lifecycle true
9 info quiz@0.1.0 Failed to exec stop script
10 error quiz@0.1.0 stop: `pkill --signal SIGINT quiz`
10 error Exit status 1
11 error Failed at the quiz@0.1.0 stop script.
11 error This is most likely a problem with the quiz package,
11 error not with npm itself.
11 error Tell the author that this fails on your system:
11 error     pkill --signal SIGINT quiz
11 error You can get their info via:
11 error     npm owner ls quiz
11 error There is likely additional logging output above.
12 error System Linux 3.16.0-43-generic
13 error command "/usr/bin/node" "/usr/bin/npm" "stop"
14 error cwd /home/adn/cursonode/mis_proyectos/quiz
15 error node -v v0.10.37
16 error npm -v 1.4.28
17 error code ELIFECYCLE
18 verbose exit [ 1, true ]
